# JRE version: OpenJDK Runtime Environment (17.0.20+8) (build 17.0.20+8-1-deb12u1-Debian)
# Java VM: OpenJDK 64-Bit Server VM (17.0.20+8-1-deb12u1-Debian, mixed mode, sharing, tiered, compressed oops, compressed class ptrs, g1 gc, linux-amd64)
GC Precious Log:
 CPUs: 2 total, 2 available
 Memory: 2048M
 Large Page Support: Disabled
 NUMA Support: Disabled
 Compressed Oops: Enabled (32-bit)
 Heap Region Size: 1M
 Heap Min Capacity: 8M
 Heap Initial Capacity: 32M
 Heap Max Capacity: 2G
 Pre-touch: Disabled
 Parallel Workers: 2
 Concurrent Workers: 1
 Concurrent Refinement Workers: 2
 Periodic GC: Disabled
Heap:
 garbage-first heap   total 137216K, used 75076K [0x0000000080000000, 0x0000000100000000)
  region size 1024K, 1 young (1024K), 1 survivors (1024K)
 Metaspace       used 66213K, committed 66880K, reserved 1114112K
  class space    used 9156K, committed 9472K, reserved 1048576K
GC Heap History (20 events):
Event: 10.105 GC heap after
{Heap after GC invocations=30 (full 0):
 garbage-first heap   total 126976K, used 35220K [0x0000000080000000, 0x0000000100000000)
  region size 1024K, 4 young (4096K), 4 survivors (4096K)
 Metaspace       used 42571K, committed 43072K, reserved 1114112K
  class space    used 6024K, committed 6208K, reserved 1048576K
}
Event: 12.876 GC heap before
{Heap before GC invocations=30 (full 0):
 garbage-first heap   total 126976K, used 99732K [0x0000000080000000, 0x0000000100000000)
  region size 1024K, 67 young (68608K), 4 survivors (4096K)
 Metaspace       used 49374K, committed 49920K, reserved 1114112K
  class space    used 7012K, committed 7232K, reserved 1048576K
}
Event: 12.894 GC heap after
{Heap after GC invocations=31 (full 0):
 garbage-first heap   total 126976K, used 39714K [0x0000000080000000, 0x0000000100000000)
  region size 1024K, 9 young (9216K), 9 survivors (9216K)
 Metaspace       used 49374K, committed 49920K, reserved 1114112K
  class space    used 7012K, committed 7232K, reserved 1048576K
}
Event: 14.870 GC heap before
{Heap before GC invocations=31 (full 0):
 garbage-first heap   total 126976K, used 99106K [0x0000000080000000, 0x0000000100000000)
  region size 1024K, 68 young (69632K), 9 survivors (9216K)
 Metaspace       used 50550K, committed 51136K, reserved 1114112K
  class space    used 7105K, committed 7360K, reserved 1048576K
}
Event: 14.897 GC heap after
{Heap after GC invocations=32 (full 0):
 garbage-first heap   total 126976K, used 42795K [0x0000000080000000, 0x0000000100000000)
  region size 1024K, 3 young (3072K), 3 survivors (3072K)
 Metaspace       used 50550K, committed 51136K, reserved 1114112K
  class space    used 7105K, committed 7360K, reserved 1048576K
}
Event: 16.188 GC heap before
{Heap before GC invocations=32 (full 0):
 garbage-first heap   total 126976K, used 107307K [0x0000000080000000, 0x0000000100000000)
  region size 1024K, 60 young (61440K), 3 survivors (3072K)
 Metaspace       used 51180K, committed 51776K, reserved 1114112K
  class space    used 7203K, committed 7488K, reserved 1048576K
}
Event: 16.197 GC heap after
{Heap after GC invocations=33 (full 0):
 garbage-first heap   total 126976K, used 53760K [0x0000000080000000, 0x0000000100000000)
  region size 1024K, 7 young (7168K), 7 survivors (7168K)
 Metaspace       used 51180K, committed 51776K, reserved 1114112K
  class space    used 7203K, committed 7488K, reserved 1048576K
}
Event: 17.484 GC heap before
{Heap before GC invocations=33 (full 0):
 garbage-first heap   total 126976K, used 108032K [0x0000000080000000, 0x0000000100000000)
  region size 1024K, 54 young (55296K), 7 survivors (7168K)
 Metaspace       used 54510K, committed 55104K, reserved 1114112K
  class space    used 7599K, committed 7872K, reserved 1048576K
}
Event: 17.496 GC heap after
{Heap after GC invocations=34 (full 0):
 garbage-first heap   total 126976K, used 65729K [0x0000000080000000, 0x0000000100000000)
  region size 1024K, 6 young (6144K), 6 survivors (6144K)
 Metaspace       used 54510K, committed 55104K, reserved 1114112K
  class space    used 7599K, committed 7872K, reserved 1048576K
}
Event: 18.508 GC heap before
{Heap before GC invocations=34 (full 0):
 garbage-first heap   total 126976K, used 97473K [0x0000000080000000, 0x0000000100000000)
  region size 1024K, 38 young (38912K), 6 survivors (6144K)
 Metaspace       used 57752K, committed 58368K, reserved 1114112K
  class space    used 8039K, committed 8320K, reserved 1048576K
}
Event: 18.573 GC heap after
{Heap after GC invocations=35 (full 0):
 garbage-first heap   total 126976K, used 66930K [0x0000000080000000, 0x0000000100000000)
  region size 1024K, 1 young (1024K), 1 survivors (1024K)
 Metaspace       used 57752K, committed 58368K, reserved 1114112K
  class space    used 8039K, committed 8320K, reserved 1048576K
}
Event: 19.675 GC heap before
{Heap before GC invocations=36 (full 0):
 garbage-first heap   total 126976K, used 110962K [0x0000000080000000, 0x0000000100000000)
  region size 1024K, 38 young (38912K), 1 survivors (1024K)
 Metaspace       used 60652K, committed 61248K, reserved 1114112K
  class space    used 8415K, committed 8704K, reserved 1048576K
}
Event: 19.684 GC heap after
{Heap after GC invocations=37 (full 0):
 garbage-first heap   total 126976K, used 72162K [0x0000000080000000, 0x0000000100000000)
  region size 1024K, 5 young (5120K), 5 survivors (5120K)
 Metaspace       used 60652K, committed 61248K, reserved 1114112K
  class space    used 8415K, committed 8704K, reserved 1048576K
}
Event: 19.696 GC heap before
{Heap before GC invocations=37 (full 0):
 garbage-first heap   total 126976K, used 72162K [0x0000000080000000, 0x0000000100000000)
  region size 1024K, 6 young (6144K), 5 survivors (5120K)
 Metaspace       used 60708K, committed 61312K, reserved 1114112K
  class space    used 8423K, committed 8704K, reserved 1048576K
}
Event: 19.703 GC heap after
{Heap after GC invocations=38 (full 0):
 garbage-first heap   total 126976K, used 73040K [0x0000000080000000, 0x0000000100000000)
  region size 1024K, 1 young (1024K), 1 survivors (1024K)
 Metaspace       used 60708K, committed 61312K, reserved 1114112K
  class space    used 8423K, committed 8704K, reserved 1048576K
}
Event: 20.489 GC heap before
{Heap before GC invocations=38 (full 0):
 garbage-first heap   total 126976K, used 102736K [0x0000000080000000, 0x0000000100000000)
  region size 1024K, 30 young (30720K), 1 survivors (1024K)
 Metaspace       used 62774K, committed 63424K, reserved 1114112K
  class space    used 8699K, committed 9024K, reserved 1048576K
}
Event: 20.495 GC heap after
{Heap after GC invocations=39 (full 0):
 garbage-first heap   total 126976K, used 73929K [0x0000000080000000, 0x0000000100000000)
  region size 1024K, 2 young (2048K), 2 survivors (2048K)
 Metaspace       used 62774K, committed 63424K, reserved 1114112K
  class space    used 8699K, committed 9024K, reserved 1048576K
}
Event: 21.567 GC heap before
{Heap before GC invocations=40 (full 0):
 garbage-first heap   total 137216K, used 103625K [0x0000000080000000, 0x0000000100000000)
  region size 1024K, 31 young (31744K), 2 survivors (2048K)
 Metaspace       used 65976K, committed 66624K, reserved 1114112K
  class space    used 9115K, committed 9408K, reserved 1048576K
}
Event: 21.578 GC heap after
{Heap after GC invocations=41 (full 0):
 garbage-first heap   total 137216K, used 75168K [0x0000000080000000, 0x0000000100000000)
  region size 1024K, 3 young (3072K), 3 survivors (3072K)
 Metaspace       used 65976K, committed 66624K, reserved 1114112K
  class space    used 9115K, committed 9408K, reserved 1048576K
}
Event: 21.664 GC heap before
{Heap before GC invocations=41 (full 0):
 garbage-first heap   total 137216K, used 78240K [0x0000000080000000, 0x0000000100000000)
  region size 1024K, 6 young (6144K), 3 survivors (3072K)
 Metaspace       used 66213K, committed 66880K, reserved 1114112K
  class space    used 9156K, committed 9472K, reserved 1048576K
}

